0 verbose cli C:\nvm4w\nodejs\node.exe C:\nvm4w\nodejs\node_modules\npm\bin\npm-cli.js
1 info using npm@11.6.0
2 info using node@v24.8.0
3 silly config load:file:C:\Users\menta\AppData\Local\nvm\v24.8.0\node_modules\npm\npmrc
4 silly config load:file:C:\nodejs\uptime-kuma\.npmrc
5 silly config load:file:C:\Users\menta\.npmrc
6 silly config load:file:C:\nvm4w\nodejs\etc\npmrc
7 verbose title npm install
8 verbose argv "install" "--cache" "./.npm-cache2"
9 verbose logfile logs-max:10 dir:C:\nodejs\uptime-kuma\.npm-cache2\_logs\2026-02-21T02_45_21_598Z-
10 verbose logfile C:\nodejs\uptime-kuma\.npm-cache2\_logs\2026-02-21T02_45_21_598Z-debug-0.log
11 silly logfile done cleaning log files
12 silly packumentCache heap:4496293888 maxSize:1124073472 maxEntrySize:562036736
13 silly idealTree buildDeps
14 silly fetch manifest node-mcstatus@^1.2.1
15 silly packumentCache full:https://registry.npmjs.org/node-mcstatus cache-miss
16 http fetch GET 200 https://registry.npmjs.org/node-mcstatus 186ms (cache miss)
17 silly placeDep ROOT node-mcstatus@ OK for: uptime-kuma@2.1.3 want: ^1.2.1
18 verbose type system
19 verbose stack FetchError: Invalid response body while trying to fetch https://registry.npmjs.org/node-mcstatus: EPERM: operation not permitted, unlink 'C:\nodejs\uptime-kuma\.npm-cache2\_cacache\tmp\d4773832'
19 verbose stack     at C:\Users\menta\AppData\Local\nvm\v24.8.0\node_modules\npm\node_modules\minipass-fetch\lib\body.js:170:15
19 verbose stack     at async Response.json (C:\Users\menta\AppData\Local\nvm\v24.8.0\node_modules\npm\node_modules\minipass-fetch\lib\body.js:75:17)
19 verbose stack     at async RegistryFetcher.packument (C:\Users\menta\AppData\Local\nvm\v24.8.0\node_modules\npm\node_modules\pacote\lib\registry.js:98:25)
19 verbose stack     at async RegistryFetcher.manifest (C:\Users\menta\AppData\Local\nvm\v24.8.0\node_modules\npm\node_modules\pacote\lib\registry.js:128:23)
19 verbose stack     at async #fetchManifest (C:\Users\menta\AppData\Local\nvm\v24.8.0\node_modules\npm\node_modules\@npmcli\arborist\lib\arborist\build-ideal-tree.js:1215:20)
19 verbose stack     at async #nodeFromEdge (C:\Users\menta\AppData\Local\nvm\v24.8.0\node_modules\npm\node_modules\@npmcli\arborist\lib\arborist\build-ideal-tree.js:1053:19)
19 verbose stack     at async #buildDepStep (C:\Users\menta\AppData\Local\nvm\v24.8.0\node_modules\npm\node_modules\@npmcli\arborist\lib\arborist\build-ideal-tree.js:917:11)
19 verbose stack     at async Arborist.buildIdealTree (C:\Users\menta\AppData\Local\nvm\v24.8.0\node_modules\npm\node_modules\@npmcli\arborist\lib\arborist\build-ideal-tree.js:182:7)
19 verbose stack     at async Promise.all (index 1)
19 verbose stack     at async Arborist.reify (C:\Users\menta\AppData\Local\nvm\v24.8.0\node_modules\npm\node_modules\@npmcli\arborist\lib\arborist\reify.js:126:5)
20 error code EPERM
21 error syscall unlink
22 error path C:\nodejs\uptime-kuma\.npm-cache2\_cacache\tmp\d4773832
23 error errno EPERM
24 error FetchError: Invalid response body while trying to fetch https://registry.npmjs.org/node-mcstatus: EPERM: operation not permitted, unlink 'C:\nodejs\uptime-kuma\.npm-cache2\_cacache\tmp\d4773832'
24 error     at C:\Users\menta\AppData\Local\nvm\v24.8.0\node_modules\npm\node_modules\minipass-fetch\lib\body.js:170:15
24 error     at async Response.json (C:\Users\menta\AppData\Local\nvm\v24.8.0\node_modules\npm\node_modules\minipass-fetch\lib\body.js:75:17)
24 error     at async RegistryFetcher.packument (C:\Users\menta\AppData\Local\nvm\v24.8.0\node_modules\npm\node_modules\pacote\lib\registry.js:98:25)
24 error     at async RegistryFetcher.manifest (C:\Users\menta\AppData\Local\nvm\v24.8.0\node_modules\npm\node_modules\pacote\lib\registry.js:128:23)
24 error     at async #fetchManifest (C:\Users\menta\AppData\Local\nvm\v24.8.0\node_modules\npm\node_modules\@npmcli\arborist\lib\arborist\build-ideal-tree.js:1215:20)
24 error     at async #nodeFromEdge (C:\Users\menta\AppData\Local\nvm\v24.8.0\node_modules\npm\node_modules\@npmcli\arborist\lib\arborist\build-ideal-tree.js:1053:19)
24 error     at async #buildDepStep (C:\Users\menta\AppData\Local\nvm\v24.8.0\node_modules\npm\node_modules\@npmcli\arborist\lib\arborist\build-ideal-tree.js:917:11)
24 error     at async Arborist.buildIdealTree (C:\Users\menta\AppData\Local\nvm\v24.8.0\node_modules\npm\node_modules\@npmcli\arborist\lib\arborist\build-ideal-tree.js:182:7)
24 error     at async Promise.all (index 1)
24 error     at async Arborist.reify (C:\Users\menta\AppData\Local\nvm\v24.8.0\node_modules\npm\node_modules\@npmcli\arborist\lib\arborist\reify.js:126:5) {
24 error   code: 'EPERM',
24 error   errno: 'EPERM',
24 error   syscall: 'unlink',
24 error   path: 'C:\\nodejs\\uptime-kuma\\.npm-cache2\\_cacache\\tmp\\d4773832',
24 error   type: 'system',
24 error   requiredBy: '.'
24 error }
25 error
25 error The operation was rejected by your operating system.
25 error It's possible that the file was already in use (by a text editor or antivirus),
25 error or that you lack permissions to access it.
25 error
25 error If you believe this might be a permissions issue, please double-check the
25 error permissions of the file and its containing directories, or try running
25 error the command again as root/Administrator.
26 silly unfinished npm timer reify 1771641922155
27 silly unfinished npm timer reify:loadTrees 1771641922157
28 verbose cwd C:\nodejs\uptime-kuma
29 verbose os Windows_NT 10.0.26200
30 verbose node v24.8.0
31 verbose npm  v11.6.0
32 verbose exit 1
33 verbose code 1
34 error A complete log of this run can be found in: C:\nodejs\uptime-kuma\.npm-cache2\_logs\2026-02-21T02_45_21_598Z-debug-0.log
